{"/Users/rain/Documents/repositorios/pokedex/src/utils/sum.ts": {"path":"/Users/rain/Documents/repositorios/pokedex/src/utils/sum.ts","statementMap":{"0":{"start":{"line":1,"column":19},"end":{"line":1,"column":50}},"1":{"start":{"line":1,"column":45},"end":{"line":1,"column":50}},"2":{"start":{"line":1,"column":13},"end":{"line":1,"column":19}}},"fnMap":{"0":{"name":"(anonymous_0)","decl":{"start":{"line":1,"column":19},"end":{"line":1,"column":20}},"loc":{"start":{"line":1,"column":45},"end":{"line":1,"column":50}}}},"branchMap":{},"s":{"0":1,"1":1,"2":1},"f":{"0":1},"b":{}}
}
